#
# There is insufficient memory for the Java Runtime Environment to continue.
# Native memory allocation (malloc) failed to allocate 32744 bytes for ChunkPool::allocate
# Possible reasons:
#   The system is out of physical RAM or swap space
#   In 32 bit mode, the process size limit was hit
# Possible solutions:
#   Reduce memory load on the system
#   Increase physical memory or swap space
#   Check if swap backing store is full
#   Use 64 bit Java on a 64 bit OS
#   Decrease Java heap size (-Xmx/-Xms)
#   Decrease number of Java threads
#   Decrease Java thread stack sizes (-Xss)
#   Set larger code cache with -XX:ReservedCodeCacheSize=
# This output file may be truncated or incomplete.
#
#  Out of Memory Error (allocation.cpp:273), pid=22472, tid=0x00000000000035d8
#
# JRE version: OpenJDK Runtime Environment (8.0_152-b01) (build 1.8.0_152-release-1343-b01)
# Java VM: OpenJDK 64-Bit Server VM (25.152-b01 mixed mode windows-amd64 compressed oops)
# Failed to write core dump. Minidumps are not enabled by default on client versions of Windows
#

---------------  T H R E A D  ---------------

Current thread (0x0000000015aea000):  JavaThread "C1 CompilerThread3" daemon [_thread_in_native, id=13784, stack(0x0000000017430000,0x0000000017530000)]

Stack: [0x0000000017430000,0x0000000017530000]
[error occurred during error reporting (printing stack bounds), id 0xc0000005]

Native frames: (J=compiled Java code, j=interpreted, Vv=VM code, C=native code)


Current CompileTask:
C1:  75333 6752       3       sun.misc.FloatingDecimal$BinaryToASCIIBuffer::dtoa (1509 bytes)


---------------  P R O C E S S  ---------------

Java Threads: ( => current thread )
  0x000000001e61a800 JavaThread "Build operations Thread 12" [_thread_blocked, id=9268, stack(0x0000000021ec0000,0x0000000021fc0000)]
  0x000000001e619000 JavaThread "Build operations Thread 11" [_thread_blocked, id=23396, stack(0x0000000021dc0000,0x0000000021ec0000)]
  0x000000001e618800 JavaThread "Build operations Thread 10" [_thread_blocked, id=10620, stack(0x0000000021cc0000,0x0000000021dc0000)]
  0x000000001e617800 JavaThread "Build operations Thread 9" [_thread_blocked, id=8332, stack(0x0000000021bc0000,0x0000000021cc0000)]
  0x000000001e61d800 JavaThread "Build operations Thread 8" [_thread_blocked, id=4308, stack(0x0000000021ac0000,0x0000000021bc0000)]
  0x000000001e611000 JavaThread "Build operations Thread 7" [_thread_blocked, id=23416, stack(0x00000000219c0000,0x0000000021ac0000)]
  0x000000001e616000 JavaThread "Build operations Thread 6" [_thread_blocked, id=2924, stack(0x00000000218c0000,0x00000000219c0000)]
  0x000000001e60e800 JavaThread "Build operations Thread 5" [_thread_blocked, id=25520, stack(0x00000000217c0000,0x00000000218c0000)]
  0x000000001e615800 JavaThread "Build operations Thread 4" [_thread_blocked, id=21412, stack(0x00000000216c0000,0x00000000217c0000)]
  0x000000001e614000 JavaThread "Build operations Thread 3" [_thread_blocked, id=19624, stack(0x00000000215c0000,0x00000000216c0000)]
  0x000000001e613000 JavaThread "Build operations Thread 2" [_thread_blocked, id=27112, stack(0x00000000214c0000,0x00000000215c0000)]
  0x000000001e60f800 JavaThread "Build operations" [_thread_in_native, id=22464, stack(0x00000000211a0000,0x00000000212a0000)]
  0x0000000018c5d800 JavaThread "Cache worker for execution history cache (C:\Users\Kandavel\.gradle\caches\5.1.1\executionHistory)" [_thread_blocked, id=22296, stack(0x000000001f520000,0x000000001f620000)]
  0x0000000018c5d000 JavaThread "Cache worker for cache directory md-rule (C:\Users\Kandavel\.gradle\caches\5.1.1\md-rule)" [_thread_blocked, id=928, stack(0x000000001f420000,0x000000001f520000)]
  0x0000000018c5b000 JavaThread "Cache worker for cache directory md-supplier (C:\Users\Kandavel\.gradle\caches\5.1.1\md-supplier)" [_thread_blocked, id=16388, stack(0x000000001f100000,0x000000001f200000)]
  0x0000000018c5c000 JavaThread "Cache worker for file hash cache (G:\Sigaram Tech\albums\android\.gradle\5.1.1\fileHashes)" [_thread_blocked, id=2360, stack(0x000000001c620000,0x000000001c720000)]
  0x0000000018c5a800 JavaThread "Cache worker for journal cache (C:\Users\Kandavel\.gradle\caches\journal-1)" [_thread_blocked, id=5308, stack(0x000000001b350000,0x000000001b450000)]
  0x0000000018c61800 JavaThread "File lock request listener" [_thread_in_native, id=21200, stack(0x000000001b250000,0x000000001b350000)]
  0x0000000018c59800 JavaThread "Cache worker for file hash cache (C:\Users\Kandavel\.gradle\caches\5.1.1\fileHashes)" [_thread_blocked, id=23592, stack(0x000000001b150000,0x000000001b250000)]
  0x0000000018a61000 JavaThread "Thread-8" [_thread_blocked, id=23364, stack(0x000000001b050000,0x000000001b150000)]
  0x000000001858c000 JavaThread "Asynchronous log dispatcher for DefaultDaemonConnection: socket connection from /127.0.0.1:56119 to /127.0.0.1:56120" [_thread_blocked, id=27004, stack(0x000000001ae50000,0x000000001af50000)]
  0x0000000018a5d800 JavaThread "Daemon worker" [_thread_blocked, id=22808, stack(0x000000001ad50000,0x000000001ae50000)]
  0x000000001862e000 JavaThread "Cancel handler" [_thread_blocked, id=14420, stack(0x000000001ab50000,0x000000001ac50000)]
  0x0000000018573800 JavaThread "Handler for socket connection from /127.0.0.1:56119 to /127.0.0.1:56120" [_thread_in_native, id=21900, stack(0x000000001a850000,0x000000001a950000)]
  0x00000000186a0800 JavaThread "Daemon" [_thread_blocked, id=10124, stack(0x000000001a750000,0x000000001a850000)]
  0x00000000187b0000 JavaThread "Daemon periodic checks" [_thread_blocked, id=5164, stack(0x000000001a650000,0x000000001a750000)]
  0x00000000185eb800 JavaThread "Incoming local TCP Connector on port 56119" [_thread_in_native, id=4592, stack(0x000000001a410000,0x000000001a510000)]
  0x0000000015b72800 JavaThread "Service Thread" daemon [_thread_blocked, id=26324, stack(0x0000000017530000,0x0000000017630000)]
=>0x0000000015aea000 JavaThread "C1 CompilerThread3" daemon [_thread_in_native, id=13784, stack(0x0000000017430000,0x0000000017530000)]
  0x0000000015ae9000 JavaThread "C2 CompilerThread2" daemon [_thread_blocked, id=13072, stack(0x0000000017330000,0x0000000017430000)]
  0x0000000015add000 JavaThread "C2 CompilerThread1" daemon [_thread_blocked, id=5048, stack(0x0000000017230000,0x0000000017330000)]
  0x0000000015ad8000 JavaThread "C2 CompilerThread0" daemon [_thread_blocked, id=19656, stack(0x0000000017130000,0x0000000017230000)]
  0x0000000015ae6800 JavaThread "Attach Listener" daemon [_thread_blocked, id=20408, stack(0x0000000017030000,0x0000000017130000)]
  0x0000000015ae5800 JavaThread "Signal Dispatcher" daemon [_thread_blocked, id=23356, stack(0x0000000016f30000,0x0000000017030000)]
  0x0000000015ad3000 JavaThread "Finalizer" daemon [_thread_blocked, id=15196, stack(0x0000000016d40000,0x0000000016e40000)]
  0x00000000143cc000 JavaThread "Reference Handler" daemon [_thread_blocked, id=26632, stack(0x0000000016c40000,0x0000000016d40000)]
  0x000000000275e000 JavaThread "main" [_thread_blocked, id=11540, stack(0x0000000002760000,0x0000000002860000)]

Other Threads:
  0x00000000143c6000 VMThread [stack: 0x0000000016b40000,0x0000000016c40000] [id=6308]
  0x0000000015b74000 WatcherThread [stack: 0x0000000017630000,0x0000000017730000] [id=23912]

VM state:not at safepoint (normal execution)

VM Mutex/Monitor currently owned by a thread: None

Heap:
 PSYoungGen      total 161792K, used 103000K [0x00000000f5580000, 0x0000000100000000, 0x0000000100000000)
  eden space 148480K, 63% used [0x00000000f5580000,0x00000000fb1656d8,0x00000000fe680000)
  from space 13312K, 66% used [0x00000000ff300000,0x00000000ffbb0ca8,0x0000000100000000)
  to   space 12800K, 0% used [0x00000000fe680000,0x00000000fe680000,0x00000000ff300000)
 ParOldGen       total 170496K, used 16509K [0x00000000e0000000, 0x00000000ea680000, 0x00000000f5580000)
  object space 170496K, 9% used [0x00000000e0000000,0x00000000e101f490,0x00000000ea680000)
 Metaspace       used 44288K, capacity 45220K, committed 45568K, reserved 1089536K
  class space    used 5640K, capacity 5868K, committed 5888K, reserved 1048576K

Card table byte_map: [0x0000000011d20000,0x0000000011e30000] byte_map_base: 0x0000000011620000

Marking Bits: (ParMarkBitMap*) 0x0000000066935aa0
 Begin Bits: [0x00000000128e0000, 0x00000000130e0000)
 End Bits:   [0x00000000130e0000, 0x00000000138e0000)

Polling page: 0x00000000007f0000

CodeCache: size=245760Kb used=21129Kb max_used=21155Kb free=224630Kb
 bounds [0x0000000002960000, 0x0000000003e30000, 0x0000000011960000]
 total_blobs=6584 nmethods=5817 adapters=679
 compilation: enabled

Compilation events (10 events):
Event: 61.714 Thread 0x0000000015ae9000 nmethod 6747 0x0000000003e1cc50 code [0x0000000003e1ce80, 0x0000000003e1d778]
Event: 61.753 Thread 0x0000000015add000 6748       4       sun.misc.FloatingDecimal::getBinaryToASCIIConverter (183 bytes)
Event: 61.756 Thread 0x0000000015add000 nmethod 6748 0x0000000002c44c50 code [0x0000000002c44de0, 0x0000000002c45188]
Event: 68.067 Thread 0x0000000015ae9000 6749       4       java.util.Formatter$FormatSpecifier::print (946 bytes)
Event: 68.102 Thread 0x0000000015ae9000 nmethod 6749 0x0000000003e246d0 code [0x0000000003e24940, 0x0000000003e26278]
Event: 69.731 Thread 0x0000000015ad8000 6750       4       sun.misc.FormattedFloatingDecimal::fillDecimal (352 bytes)
Event: 69.733 Thread 0x0000000015ad8000 nmethod 6750 0x0000000002c44490 code [0x0000000002c445e0, 0x0000000002c44958]
Event: 71.445 Thread 0x0000000015add000 6751   !   4       org.gradle.launcher.daemon.server.exec.DaemonConnectionBackedEventConsumer$ForwardEvents::getNextEvent (27 bytes)
Event: 71.446 Thread 0x0000000015add000 nmethod 6751 0x0000000002ea15d0 code [0x0000000002ea1720, 0x0000000002ea1828]
Event: 73.308 Thread 0x0000000015aea000 6752       3       sun.misc.FloatingDecimal$BinaryToASCIIBuffer::dtoa (1509 bytes)

GC Heap History (10 events):
Event: 4.823 GC heap before
{Heap before GC invocations=8 (full 1):
 PSYoungGen      total 111616K, used 107804K [0x00000000f5580000, 0x00000000fcf00000, 0x0000000100000000)
  eden space 99840K, 100% used [0x00000000f5580000,0x00000000fb700000,0x00000000fb700000)
  from space 11776K, 67% used [0x00000000fc280000,0x00000000fca47358,0x00000000fce00000)
  to   space 11776K, 0% used [0x00000000fb700000,0x00000000fb700000,0x00000000fc280000)
 ParOldGen       total 110080K, used 10499K [0x00000000e0000000, 0x00000000e6b80000, 0x00000000f5580000)
  object space 110080K, 9% used [0x00000000e0000000,0x00000000e0a40dc8,0x00000000e6b80000)
 Metaspace       used 32430K, capacity 32956K, committed 33280K, reserved 1077248K
  class space    used 4364K, capacity 4582K, committed 4608K, reserved 1048576K
Event: 4.833 GC heap after
Heap after GC invocations=8 (full 1):
 PSYoungGen      total 111616K, used 10966K [0x00000000f5580000, 0x0000000100000000, 0x0000000100000000)
  eden space 99840K, 0% used [0x00000000f5580000,0x00000000f5580000,0x00000000fb700000)
  from space 11776K, 93% used [0x00000000fb700000,0x00000000fc1b5a10,0x00000000fc280000)
  to   space 12288K, 0% used [0x00000000ff400000,0x00000000ff400000,0x0000000100000000)
 ParOldGen       total 110080K, used 10507K [0x00000000e0000000, 0x00000000e6b80000, 0x00000000f5580000)
  object space 110080K, 9% used [0x00000000e0000000,0x00000000e0a42dc8,0x00000000e6b80000)
 Metaspace       used 32430K, capacity 32956K, committed 33280K, reserved 1077248K
  class space    used 4364K, capacity 4582K, committed 4608K, reserved 1048576K
}
Event: 5.433 GC heap before
{Heap before GC invocations=9 (full 1):
 PSYoungGen      total 111616K, used 77008K [0x00000000f5580000, 0x0000000100000000, 0x0000000100000000)
  eden space 99840K, 66% used [0x00000000f5580000,0x00000000f95fe6a0,0x00000000fb700000)
  from space 11776K, 93% used [0x00000000fb700000,0x00000000fc1b5a10,0x00000000fc280000)
  to   space 12288K, 0% used [0x00000000ff400000,0x00000000ff400000,0x0000000100000000)
 ParOldGen       total 110080K, used 10507K [0x00000000e0000000, 0x00000000e6b80000, 0x00000000f5580000)
  object space 110080K, 9% used [0x00000000e0000000,0x00000000e0a42dc8,0x00000000e6b80000)
 Metaspace       used 34672K, capacity 35360K, committed 35456K, reserved 1079296K
  class space    used 4697K, capacity 4929K, committed 4992K, reserved 1048576K
Event: 5.440 GC heap after
Heap after GC invocations=9 (full 1):
 PSYoungGen      total 161280K, used 6152K [0x00000000f5580000, 0x0000000100000000, 0x0000000100000000)
  eden space 148992K, 0% used [0x00000000f5580000,0x00000000f5580000,0x00000000fe700000)
  from space 12288K, 50% used [0x00000000ff400000,0x00000000ffa022c0,0x0000000100000000)
  to   space 12800K, 0% used [0x00000000fe700000,0x00000000fe700000,0x00000000ff380000)
 ParOldGen       total 110080K, used 14749K [0x00000000e0000000, 0x00000000e6b80000, 0x00000000f5580000)
  object space 110080K, 13% used [0x00000000e0000000,0x00000000e0e674b0,0x00000000e6b80000)
 Metaspace       used 34672K, capacity 35360K, committed 35456K, reserved 1079296K
  class space    used 4697K, capacity 4929K, committed 4992K, reserved 1048576K
}
Event: 5.440 GC heap before
{Heap before GC invocations=10 (full 2):
 PSYoungGen      total 161280K, used 6152K [0x00000000f5580000, 0x0000000100000000, 0x0000000100000000)
  eden space 148992K, 0% used [0x00000000f5580000,0x00000000f5580000,0x00000000fe700000)
  from space 12288K, 50% used [0x00000000ff400000,0x00000000ffa022c0,0x0000000100000000)
  to   space 12800K, 0% used [0x00000000fe700000,0x00000000fe700000,0x00000000ff380000)
 ParOldGen       total 110080K, used 14749K [0x00000000e0000000, 0x00000000e6b80000, 0x00000000f5580000)
  object space 110080K, 13% used [0x00000000e0000000,0x00000000e0e674b0,0x00000000e6b80000)
 Metaspace       used 34672K, capacity 35360K, committed 35456K, reserved 1079296K
  class space    used 4697K, capacity 4929K, committed 4992K, reserved 1048576K
Event: 5.492 GC heap after
Heap after GC invocations=10 (full 2):
 PSYoungGen      total 161280K, used 0K [0x00000000f5580000, 0x0000000100000000, 0x0000000100000000)
  eden space 148992K, 0% used [0x00000000f5580000,0x00000000f5580000,0x00000000fe700000)
  from space 12288K, 0% used [0x00000000ff400000,0x00000000ff400000,0x0000000100000000)
  to   space 12800K, 0% used [0x00000000fe700000,0x00000000fe700000,0x00000000ff380000)
 ParOldGen       total 170496K, used 16413K [0x00000000e0000000, 0x00000000ea680000, 0x00000000f5580000)
  object space 170496K, 9% used [0x00000000e0000000,0x00000000e1007480,0x00000000ea680000)
 Metaspace       used 34619K, capacity 35296K, committed 35456K, reserved 1079296K
  class space    used 4680K, capacity 4909K, committed 4992K, reserved 1048576K
}
Event: 21.710 GC heap before
{Heap before GC invocations=11 (full 2):
 PSYoungGen      total 161280K, used 148992K [0x00000000f5580000, 0x0000000100000000, 0x0000000100000000)
  eden space 148992K, 100% used [0x00000000f5580000,0x00000000fe700000,0x00000000fe700000)
  from space 12288K, 0% used [0x00000000ff400000,0x00000000ff400000,0x0000000100000000)
  to   space 12800K, 0% used [0x00000000fe700000,0x00000000fe700000,0x00000000ff380000)
 ParOldGen       total 170496K, used 16413K [0x00000000e0000000, 0x00000000ea680000, 0x00000000f5580000)
  object space 170496K, 9% used [0x00000000e0000000,0x00000000e1007480,0x00000000ea680000)
 Metaspace       used 43515K, capacity 44386K, committed 44544K, reserved 1087488K
  class space    used 5615K, capacity 5829K, committed 5888K, reserved 1048576K
Event: 21.717 GC heap after
Heap after GC invocations=11 (full 2):
 PSYoungGen      total 159744K, used 10750K [0x00000000f5580000, 0x0000000100000000, 0x0000000100000000)
  eden space 148992K, 0% used [0x00000000f5580000,0x00000000f5580000,0x00000000fe700000)
  from space 10752K, 99% used [0x00000000fe700000,0x00000000ff17f920,0x00000000ff180000)
  to   space 13312K, 0% used [0x00000000ff300000,0x00000000ff300000,0x0000000100000000)
 ParOldGen       total 170496K, used 16501K [0x00000000e0000000, 0x00000000ea680000, 0x00000000f5580000)
  object space 170496K, 9% used [0x00000000e0000000,0x00000000e101d490,0x00000000ea680000)
 Metaspace       used 43515K, capacity 44386K, committed 44544K, reserved 1087488K
  class space    used 5615K, capacity 5829K, committed 5888K, reserved 1048576K
}
Event: 51.440 GC heap before
{Heap before GC invocations=12 (full 2):
 PSYoungGen      total 159744K, used 159742K [0x00000000f5580000, 0x0000000100000000, 0x0000000100000000)
  eden space 148992K, 100% used [0x00000000f5580000,0x00000000fe700000,0x00000000fe700000)
  from space 10752K, 99% used [0x00000000fe700000,0x00000000ff17f920,0x00000000ff180000)
  to   space 13312K, 0% used [0x00000000ff300000,0x00000000ff300000,0x0000000100000000)
 ParOldGen       total 170496K, used 16501K [0x00000000e0000000, 0x00000000ea680000, 0x00000000f5580000)
  object space 170496K, 9% used [0x00000000e0000000,0x00000000e101d490,0x00000000ea680000)
 Metaspace       used 44283K, capacity 45220K, committed 45568K, reserved 1089536K
  class space    used 5640K, capacity 5868K, committed 5888K, reserved 1048576K
Event: 51.445 GC heap after
Heap after GC invocations=12 (full 2):
 PSYoungGen      total 161792K, used 8899K [0x00000000f5580000, 0x0000000100000000, 0x0000000100000000)
  eden space 148480K, 0% used [0x00000000f5580000,0x00000000f5580000,0x00000000fe680000)
  from space 13312K, 66% used [0x00000000ff300000,0x00000000ffbb0ca8,0x0000000100000000)
  to   space 12800K, 0% used [0x00000000fe680000,0x00000000fe680000,0x00000000ff300000)
 ParOldGen       total 170496K, used 16509K [0x00000000e0000000, 0x00000000ea680000, 0x00000000f5580000)
  object space 170496K, 9% used [0x00000000e0000000,0x00000000e101f490,0x00000000ea680000)
 Metaspace       used 44283K, capacity 45220K, committed 45568K, reserved 1089536K
  class space    used 5640K, capacity 5868K, committed 5888K, reserved 1048576K
}

Deoptimization events (10 events):
Event: 45.976 Thread 0x000000001e60e800 Uncommon trap: reason=unstable_if action=reinterpret pc=0x000000000399c7e0 method=sun.security.ssl.SSLSocketImpl.checkSequenceNumber(Lsun/security/ssl/Authenticator;B)V @ 78
Event: 47.314 Thread 0x000000001e60e800 Uncommon trap: reason=unstable_if action=reinterpret pc=0x000000000399d570 method=java.security.MessageDigest.isEqual([B[B)Z @ 12
Event: 47.319 Thread 0x000000001e619000 Uncommon trap: reason=unstable_if action=reinterpret pc=0x0000000003ccde7c method=java.security.MessageDigest.isEqual([B[B)Z @ 12
Event: 47.687 Thread 0x000000001e60e800 Uncommon trap: reason=unstable_if action=reinterpret pc=0x0000000003d0cf74 method=com.sun.crypto.provider.GaloisCounterMode.increment32([B)V @ 39
Event: 47.687 Thread 0x000000001e60e800 Uncommon trap: reason=unstable_if action=reinterpret pc=0x0000000002ba4c58 method=com.sun.crypto.provider.GaloisCounterMode.increment32([B)V @ 39
Event: 47.687 Thread 0x000000001e60e800 Uncommon trap: reason=unstable_if action=reinterpret pc=0x0000000003cd32cc method=com.sun.crypto.provider.GaloisCounterMode.increment32([B)V @ 39
Event: 47.691 Thread 0x000000001e60e800 Uncommon trap: reason=unstable_if action=reinterpret pc=0x0000000003d01830 method=com.sun.crypto.provider.GaloisCounterMode.increment32([B)V @ 39
Event: 47.691 Thread 0x000000001e619000 Uncommon trap: reason=unstable_if action=reinterpret pc=0x0000000002b91c74 method=com.sun.crypto.provider.GaloisCounterMode.increment32([B)V @ 39
Event: 73.092 Thread 0x000000001e60f800 Uncommon trap: reason=unstable_if action=reinterpret pc=0x0000000003e00594 method=sun.misc.FloatingDecimal$BinaryToASCIIBuffer.estimateDecExp(JI)I @ 78
Event: 73.251 Thread 0x000000001e60f800 Uncommon trap: reason=unstable_if action=reinterpret pc=0x0000000003e25290 method=sun.misc.FormattedFloatingDecimal.applyPrecision(I[CII)I @ 90

Classes redefined (0 events):
No events

Internal exceptions (10 events):
Event: 40.942 Thread 0x000000001e616000 Exception <a 'java/net/SocketTimeoutException': Read timed out> (0x00000000f585acb8) thrown at [D:\src\AOSP-openjdk-cygwin\jdk8u\hotspot\src\share\vm\prims\jni.cpp, line 735]
Event: 40.942 Thread 0x000000001e611000 Exception <a 'java/net/SocketTimeoutException': Read timed out> (0x00000000f78e83b0) thrown at [D:\src\AOSP-openjdk-cygwin\jdk8u\hotspot\src\share\vm\prims\jni.cpp, line 735]
Event: 40.942 Thread 0x000000001e617800 Exception <a 'java/net/SocketTimeoutException': Read timed out> (0x00000000f60731d0) thrown at [D:\src\AOSP-openjdk-cygwin\jdk8u\hotspot\src\share\vm\prims\jni.cpp, line 735]
Event: 40.943 Thread 0x0000000018a5d800 Exception <a 'java/net/SocketTimeoutException': Read timed out> (0x00000000f8548fc8) thrown at [D:\src\AOSP-openjdk-cygwin\jdk8u\hotspot\src\share\vm\prims\jni.cpp, line 735]
Event: 41.709 Thread 0x000000001e616000 Exception <a 'java/net/SocketTimeoutException': Read timed out> (0x00000000f8f5b318) thrown at [D:\src\AOSP-openjdk-cygwin\jdk8u\hotspot\src\share\vm\prims\jni.cpp, line 735]
Event: 41.768 Thread 0x000000001e615800 Exception <a 'java/net/SocketTimeoutException': Read timed out> (0x00000000f936a8e0) thrown at [D:\src\AOSP-openjdk-cygwin\jdk8u\hotspot\src\share\vm\prims\jni.cpp, line 735]
Event: 45.976 Thread 0x000000001e60e800 Implicit null exception at 0x0000000002bf5316 to 0x0000000002bf6e35
Event: 47.314 Thread 0x000000001e60e800 Implicit null exception at 0x000000000399ccc8 to 0x000000000399d551
Event: 47.319 Thread 0x000000001e619000 Implicit null exception at 0x0000000003ccdcf9 to 0x0000000003ccde69
Event: 50.980 Thread 0x000000001e614000 Exception <a 'java/net/SocketTimeoutException': Read timed out> (0x00000000f849cc78) thrown at [D:\src\AOSP-openjdk-cygwin\jdk8u\hotspot\src\share\vm\prims\jni.cpp, line 735]

Events (10 events):
Event: 61.756 Thread 0x0000000015add000 flushing nmethod 0x00000000030796d0
Event: 61.756 Thread 0x0000000015add000 flushing nmethod 0x0000000003084790
Event: 68.102 Thread 0x0000000015ae9000 flushing nmethod 0x0000000003292cd0
Event: 69.733 Thread 0x0000000015ad8000 flushing nmethod 0x000000000338f110
Event: 73.092 Thread 0x000000001e60f800 Uncommon trap: trap_request=0xffffff65 fr.pc=0x0000000003e00594
Event: 73.092 Thread 0x000000001e60f800 DEOPT PACKING pc=0x0000000003e00594 sp=0x000000002129d2d0
Event: 73.092 Thread 0x000000001e60f800 DEOPT UNPACKING pc=0x00000000029a557b sp=0x000000002129d0e0 mode 2
Event: 73.251 Thread 0x000000001e60f800 Uncommon trap: trap_request=0xffffff65 fr.pc=0x0000000003e25290
Event: 73.251 Thread 0x000000001e60f800 DEOPT PACKING pc=0x0000000003e25290 sp=0x000000002129d330
Event: 73.251 Thread 0x000000001e60f800 DEOPT UNPACKING pc=0x00000000029a557b sp=0x000000002129d148 mode 2


Dynamic libraries:
0x00007ff71ae60000 - 0x00007ff71ae91000 	C:\Program Files\Android\Android Studio\jre\bin\java.exe
0x00007fffde070000 - 0x00007fffde251000 	C:\windows\SYSTEM32\ntdll.dll
0x00007fffdcff0000 - 0x00007fffdd0a1000 	C:\windows\System32\KERNEL32.DLL
0x00007fffdaa50000 - 0x00007fffdacc3000 	C:\windows\System32\KERNELBASE.dll
0x00007fffdcd10000 - 0x00007fffdcdb1000 	C:\windows\System32\ADVAPI32.dll
0x00007fffdc9e0000 - 0x00007fffdca7e000 	C:\windows\System32\msvcrt.dll
0x00007fffdd7d0000 - 0x00007fffdd82b000 	C:\windows\System32\sechost.dll
0x00007fffdd830000 - 0x00007fffdd954000 	C:\windows\System32\RPCRT4.dll
0x00007fffdd300000 - 0x00007fffdd490000 	C:\windows\System32\USER32.dll
0x00007fffdb4e0000 - 0x00007fffdb500000 	C:\windows\System32\win32u.dll
0x00007fffdd960000 - 0x00007fffdd988000 	C:\windows\System32\GDI32.dll
0x00007fffda640000 - 0x00007fffda7d2000 	C:\windows\System32\gdi32full.dll
0x00007fffdad30000 - 0x00007fffdadcf000 	C:\windows\System32\msvcp_win.dll
0x00007fffda540000 - 0x00007fffda638000 	C:\windows\System32\ucrtbase.dll
0x00007fffc0310000 - 0x00007fffc0579000 	C:\windows\WinSxS\amd64_microsoft.windows.common-controls_6595b64144ccf1df_6.0.17134.765_none_fb42a1a930655896\COMCTL32.dll
0x00007fffdd490000 - 0x00007fffdd7b2000 	C:\windows\System32\combase.dll
0x00007fffda7e0000 - 0x00007fffda85a000 	C:\windows\System32\bcryptPrimitives.dll
0x00007fffddf20000 - 0x00007fffddf4d000 	C:\windows\System32\IMM32.DLL
0x0000000065fb0000 - 0x0000000066082000 	C:\Program Files\Android\Android Studio\jre\jre\bin\msvcr100.dll
0x0000000066170000 - 0x00000000669b1000 	C:\Program Files\Android\Android Studio\jre\jre\bin\server\jvm.dll
0x00007fffdd7c0000 - 0x00007fffdd7c8000 	C:\windows\System32\PSAPI.DLL
0x00007fffd6660000 - 0x00007fffd6669000 	C:\windows\SYSTEM32\WSOCK32.dll
0x00007fffd4030000 - 0x00007fffd403a000 	C:\windows\SYSTEM32\VERSION.dll
0x00007fffd7fb0000 - 0x00007fffd7fd3000 	C:\windows\SYSTEM32\WINMM.dll
0x00007fffdcc80000 - 0x00007fffdccec000 	C:\windows\System32\WS2_32.dll
0x00007fffd7f80000 - 0x00007fffd7faa000 	C:\windows\SYSTEM32\winmmbase.dll
0x00007fffda440000 - 0x00007fffda489000 	C:\windows\System32\cfgmgr32.dll
0x00007fffd26e0000 - 0x00007fffd26ef000 	C:\Program Files\Android\Android Studio\jre\jre\bin\verify.dll
0x00007fffb41c0000 - 0x00007fffb41e9000 	C:\Program Files\Android\Android Studio\jre\jre\bin\java.dll
0x00007fffc0980000 - 0x00007fffc0996000 	C:\Program Files\Android\Android Studio\jre\jre\bin\zip.dll
0x00007fffdb5a0000 - 0x00007fffdc9e0000 	C:\windows\System32\SHELL32.dll
0x00007fffdcf40000 - 0x00007fffdcfe9000 	C:\windows\System32\shcore.dll
0x00007fffdadd0000 - 0x00007fffdb4dd000 	C:\windows\System32\windows.storage.dll
0x00007fffdd990000 - 0x00007fffdd9e1000 	C:\windows\System32\shlwapi.dll
0x00007fffda3d0000 - 0x00007fffda3e1000 	C:\windows\System32\kernel.appcore.dll
0x00007fffda3b0000 - 0x00007fffda3cf000 	C:\windows\System32\profapi.dll
0x00007fffda3f0000 - 0x00007fffda43c000 	C:\windows\System32\powrprof.dll
0x00007fffda3a0000 - 0x00007fffda3aa000 	C:\windows\System32\FLTLIB.DLL
0x00007fffc08e0000 - 0x00007fffc08fa000 	C:\Program Files\Android\Android Studio\jre\jre\bin\net.dll
0x00007fffd9c00000 - 0x00007fffd9c66000 	C:\windows\system32\mswsock.dll
0x00007fffba880000 - 0x00007fffba891000 	C:\Program Files\Android\Android Studio\jre\jre\bin\nio.dll
0x00007fffb39f0000 - 0x00007fffb3a0e000 	C:\Users\Kandavel\.gradle\native\25\windows-amd64\native-platform.dll
0x00007fffc0ca0000 - 0x00007fffc0cad000 	C:\Program Files\Android\Android Studio\jre\jre\bin\management.dll
0x00007fffd9dc0000 - 0x00007fffd9dd7000 	C:\windows\SYSTEM32\CRYPTSP.dll
0x00007fffd97e0000 - 0x00007fffd9813000 	C:\windows\system32\rsaenh.dll
0x00007fffd9ee0000 - 0x00007fffd9f05000 	C:\windows\SYSTEM32\bcrypt.dll
0x00007fffda280000 - 0x00007fffda2a8000 	C:\windows\SYSTEM32\USERENV.dll
0x00007fffd9db0000 - 0x00007fffd9dbb000 	C:\windows\SYSTEM32\CRYPTBASE.dll
0x00007fffd9980000 - 0x00007fffd99b8000 	C:\windows\SYSTEM32\IPHLPAPI.DLL
0x00007fffdcdc0000 - 0x00007fffdcdc8000 	C:\windows\System32\NSI.dll
0x00007fffd3dc0000 - 0x00007fffd3dd6000 	C:\windows\SYSTEM32\dhcpcsvc6.DLL
0x00007fffd4010000 - 0x00007fffd402a000 	C:\windows\SYSTEM32\dhcpcsvc.DLL
0x00007fffa5370000 - 0x00007fffa5394000 	C:\Program Files\Android\Android Studio\jre\jre\bin\sunec.dll
0x00007fffd99c0000 - 0x00007fffd9a7e000 	C:\windows\SYSTEM32\DNSAPI.dll
0x00000000698c0000 - 0x00000000698e6000 	C:\Program Files\Bonjour\mdnsNSP.dll
0x00007fffc2500000 - 0x00007fffc250a000 	C:\Windows\System32\rasadhlp.dll
0x00007fffc46e0000 - 0x00007fffc4752000 	C:\windows\System32\fwpuclnt.dll
0x00007fffbeda0000 - 0x00007fffbedab000 	C:\Program Files\Android\Android Studio\jre\jre\bin\sunmscapi.dll
0x00007fffda860000 - 0x00007fffdaa42000 	C:\windows\System32\CRYPT32.dll
0x00007fffda380000 - 0x00007fffda392000 	C:\windows\System32\MSASN1.dll

VM Arguments:
jvm_args: -XX:MaxMetaspaceSize=256m -XX:+HeapDumpOnOutOfMemoryError -Xmx512m -Dfile.encoding=windows-1252 -Duser.country=GB -Duser.language=en -Duser.variant 
java_command: org.gradle.launcher.daemon.bootstrap.GradleDaemon 5.1.1
java_class_path (initial): C:\Users\Kandavel\.gradle\wrapper\dists\gradle-5.1.1-all\97z1ksx6lirer3kbvdnh7jtjg\gradle-5.1.1\lib\gradle-launcher-5.1.1.jar
Launcher Type: SUN_STANDARD

Environment Variables:
JAVA_HOME=C:\Program Files\Java\jdk-12.0.1
PATH=C:\Python27\;C:\Python27\Scripts;C:\windows\system32;C:\windows;C:\windows\System32\Wbem;C:\windows\System32\WindowsPowerShell\v1.0\;C:\windows\System32\OpenSSH\;C:\Program Files (x86)\NVIDIA Corporation\PhysX\Common;D:\Microsoft VS Code\bin;C:\Program Files\Git\cmd;C:\Program Files\Git\mingw64\bin;C:\Program Files\Git\usr\bin;C:\Program Files\NVIDIA Corporation\NVIDIA NvDLISR;C:\Program Files\nodejs\;C:\ProgramData\chocolatey\bin;C:\Users\Kandavel\AppData\Local\Microsoft\WindowsApps;C:\Users\Kandavel\AppData\Roaming\npm;C:\Program Files\heroku\bin;
USERNAME=Kandavel
OS=Windows_NT
PROCESSOR_IDENTIFIER=Intel64 Family 6 Model 158 Stepping 10, GenuineIntel



---------------  S Y S T E M  ---------------

OS: Windows 10.0 , 64 bit Build 17134 (10.0.17134.753)

CPU:total 12 (initial active 12) (6 cores per cpu, 2 threads per core) family 6 model 158 stepping 10, cmov, cx8, fxsr, mmx, sse, sse2, sse3, ssse3, sse4.1, sse4.2, popcnt, avx, avx2, aes, clmul, erms, 3dnowpref, lzcnt, ht, tsc, tscinvbit, bmi1, bmi2, adx

Memory: 4k page, physical 16579828k(3994872k free), swap 19070196k(160432k free)

vm_info: OpenJDK 64-Bit Server VM (25.152-b01) for windows-amd64 JRE (1.8.0_152-release-1343-b01), built by "builder" with MS VC++ 10.0 (VS2010)

time: Wed May 29 13:04:39 2019
elapsed time: 75 seconds (0d 0h 1m 15s)

